<?xml version="1.0" encoding="UTF-8"?>
<!-- Generated by org.testng.reporters.JUnitReportReporter -->
<testsuite hostname="Murshi-PC" name="com.test.TestCase1" tests="8" failures="0" timestamp="11 Feb 2019 15:00:55 GMT" time="34.674" errors="0">
  <testcase name="verifyXperiaPrice" time="4.737" classname="com.test.TestCase1"/>
  <testcase name="clickOnMobileMenu" time="3.802" classname="com.test.TestCase1"/>
  <testcase name="productsSortByName" time="2.881" classname="com.test.TestCase1"/>
  <testcase name="verifyTitle" time="1.866" classname="com.test.TestCase1"/>
  <testcase name="mobilePageTitle" time="1.924" classname="com.test.TestCase1"/>
  <testcase name="verifyEmptyCartMsg" time="2.925" classname="com.test.TestCase1"/>
  <testcase name="compareMobiles" time="8.125" classname="com.test.TestCase1"/>
  <testcase name="verifyQtyUpdateErrMsg" time="8.414" classname="com.test.TestCase1"/>
</testsuite> <!-- com.test.TestCase1 -->
