<?xml version="1.0" encoding="UTF-8"?>
<!-- Generated by org.testng.reporters.JUnitReportReporter -->
<testsuite hostname="nbec-prosenjit" name="com.test.SampleClass" tests="1" failures="0" timestamp="25 May 2016 17:12:01 GMT" time="7.816" errors="0">
  <testcase name="testName" time="7.816" classname="com.test.SampleClass"/>
</testsuite> <!-- com.test.SampleClass -->
